{
  "stats": {
    "suites": 1,
    "tests": 1,
    "passes": 1,
    "pending": 0,
    "failures": 0,
    "start": "2024-11-19T18:46:03.997Z",
    "end": "2024-11-19T18:46:18.913Z",
    "duration": 14916,
    "testsRegistered": 1,
    "passPercent": 100,
    "pendingPercent": 0,
    "other": 0,
    "hasOther": false,
    "skipped": 0,
    "hasSkipped": false
  },
  "results": [
    {
      "uuid": "c4bee5b2-8ec5-4475-9557-5a83dec90615",
      "title": "",
      "fullFile": "cypress/integration/login.spec.js",
      "file": "cypress/integration/login.spec.js",
      "beforeHooks": [],
      "afterHooks": [],
      "tests": [],
      "suites": [
        {
          "uuid": "b92132df-b63b-4a37-9a10-a41f7a8d28e4",
          "title": "Login Testi",
          "fullFile": "",
          "file": "",
          "beforeHooks": [],
          "afterHooks": [],
          "tests": [
            {
              "title": "Giriş yapabilmeli",
              "fullTitle": "Login Testi Giriş yapabilmeli",
              "timedOut": null,
              "duration": 10106,
              "state": "passed",
              "speed": "slow",
              "pass": true,
              "fail": false,
              "pending": false,
              "context": null,
              "code": "// Ana sayfayı ziyaret et\ncy.visit('https://www.kidokit.com/');\ncy.xpath(\"//button[contains(@style, 'line')]\").click({\n  force: true\n});",
              "err": {},
              "uuid": "13872b18-207c-492e-b2b7-9a3406626c57",
              "parentUUID": "b92132df-b63b-4a37-9a10-a41f7a8d28e4",
              "isHook": false,
              "skipped": false
            }
          ],
          "suites": [],
          "passes": [
            "13872b18-207c-492e-b2b7-9a3406626c57"
          ],
          "failures": [],
          "pending": [],
          "skipped": [],
          "duration": 10106,
          "root": false,
          "rootEmpty": false,
          "_timeout": 2000
        }
      ],
      "passes": [],
      "failures": [],
      "pending": [],
      "skipped": [],
      "duration": 0,
      "root": true,
      "rootEmpty": true,
      "_timeout": 2000
    }
  ],
  "meta": {
    "mocha": {
      "version": "7.0.1"
    },
    "mochawesome": {
      "options": {
        "quiet": false,
        "reportFilename": "mochawesome",
        "saveHtml": true,
        "saveJson": true,
        "consoleReporter": "spec",
        "useInlineDiffs": false,
        "code": true
      },
      "version": "7.1.3"
    },
    "marge": {
      "options": {
        "reportDir": "cypress/results",
        "overwrite": false,
        "html": true,
        "json": true
      },
      "version": "6.2.0"
    }
  }
}