{
  "stats": {
    "suites": 1,
    "tests": 1,
    "passes": 0,
    "pending": 0,
    "failures": 1,
    "start": "2024-11-19T19:35:52.572Z",
    "end": "2024-11-19T19:35:53.179Z",
    "duration": 607,
    "testsRegistered": 1,
    "passPercent": 0,
    "pendingPercent": 0,
    "other": 0,
    "hasOther": false,
    "skipped": 0,
    "hasSkipped": false
  },
  "results": [
    {
      "uuid": "b6699f49-d465-4246-8ce1-83a4bd4871cd",
      "title": "",
      "fullFile": "cypress\\integration\\login.spec.js",
      "file": "cypress\\integration\\login.spec.js",
      "beforeHooks": [],
      "afterHooks": [],
      "tests": [],
      "suites": [
        {
          "uuid": "6f5ee242-2c7c-40d1-9b34-3961e85bbb3d",
          "title": "Login Testi",
          "fullFile": "",
          "file": "",
          "beforeHooks": [],
          "afterHooks": [],
          "tests": [
            {
              "title": "Giriş yapabilmeli",
              "fullTitle": "Login Testi Giriş yapabilmeli",
              "timedOut": null,
              "duration": 491,
              "state": "failed",
              "speed": null,
              "pass": false,
              "fail": true,
              "pending": false,
              "context": null,
              "code": "// Ana sayfayı ziyaret et\ncy.visit('https://www.kidokit.com/');\ncy.xpath(\"//button[contains(@style, 'line')]\").click({\n  force: true\n});",
              "err": {
                "message": "CypressError: Cypress detected you registered a(n) `beforeEach` hook while a test was running (possibly a hook nested inside another hook). All hooks must be registered before a test begins executing.\n\nMove the `beforeEach` into a suite callback or the global scope.\n\nBecause this error occurred during a `before each` hook we are skipping all of the remaining tests.",
                "estack": "CypressError: Cypress detected you registered a(n) `beforeEach` hook while a test was running (possibly a hook nested inside another hook). All hooks must be registered before a test begins executing.\n\nMove the `beforeEach` into a suite callback or the global scope.\n\nBecause this error occurred during a `before each` hook we are skipping all of the remaining tests.\n    at cypressErr (http://localhost:59361/__cypress/runner/cypress_runner.js:75898:18)\n    at Object.errByPath (http://localhost:59361/__cypress/runner/cypress_runner.js:75952:10)\n    at Suite._createHook (http://localhost:59361/__cypress/runner/cypress_runner.js:145480:76)\n    at Suite.beforeEach (http://localhost:59361/__cypress/runner/cypress_runner.js:157235:19)\n    at Suite.<computed> [as beforeEach] (http://localhost:59361/__cypress/runner/cypress_runner.js:145488:23)\n    at beforeEach (http://localhost:59361/__cypress/runner/cypress_runner.js:160669:17)\nFrom Your Spec Code:\n    at Context.eval (webpack://cypress_project/./cypress/support/commands.js:58:4)",
                "diff": null
              },
              "uuid": "777d95f8-ab6f-4aa6-8499-67561f99433d",
              "parentUUID": "6f5ee242-2c7c-40d1-9b34-3961e85bbb3d",
              "isHook": false,
              "skipped": false
            }
          ],
          "suites": [],
          "passes": [],
          "failures": [
            "777d95f8-ab6f-4aa6-8499-67561f99433d"
          ],
          "pending": [],
          "skipped": [],
          "duration": 491,
          "root": false,
          "rootEmpty": false,
          "_timeout": 2000
        }
      ],
      "passes": [],
      "failures": [],
      "pending": [],
      "skipped": [],
      "duration": 0,
      "root": true,
      "rootEmpty": true,
      "_timeout": 2000
    }
  ],
  "meta": {
    "mocha": {
      "version": "7.0.1"
    },
    "mochawesome": {
      "options": {
        "quiet": false,
        "reportFilename": "mochawesome",
        "saveHtml": true,
        "saveJson": true,
        "consoleReporter": "spec",
        "useInlineDiffs": false,
        "code": true
      },
      "version": "7.1.3"
    },
    "marge": {
      "options": {
        "reportDir": "cypress/results",
        "overwrite": false,
        "html": true,
        "json": true
      },
      "version": "6.2.0"
    }
  }
}